build/app/intermediates/proguard-rules/release/aapt_rules.txt
# Referenced at processReleaseManifest\merged\AndroidManifest.xml:26
-keep class com.example.facite_alumnos.MainActivity { <init>(...); }
# Referenced at processReleaseManifest\merged\AndroidManifest.xml:22
-keep class io.flutter.app.FlutterApplication { <init>(...); }