build/app/outputs/mapping/release/seeds.txt
com.example.facite_alumnos.MainActivity
com.example.facite_alumnos.MainActivity: MainActivity()
com.example.facite_alumnos.R$attr: int coordinatorLayoutStyle
com.example.facite_alumnos.R$attr: int font
com.example.facite_alumnos.R$attr: int fontProviderAuthority
com.example.facite_alumnos.R$attr: int fontProviderCerts
com.example.facite_alumnos.R$attr: int fontProviderFetchStrategy
com.example.facite_alumnos.R$attr: int fontProviderFetchTimeout
com.example.facite_alumnos.R$attr: int fontProviderPackage
com.example.facite_alumnos.R$attr: int fontProviderQuery
com.example.facite_alumnos.R$attr: int fontStyle
com.example.facite_alumnos.R$attr: int fontWeight
com.example.facite_alumnos.R$attr: int keylines
com.example.facite_alumnos.R$attr: int layout_anchor
com.example.facite_alumnos.R$attr: int layout_anchorGravity
com.example.facite_alumnos.R$attr: int layout_behavior
com.example.facite_alumnos.R$attr: int layout_dodgeInsetEdges
com.example.facite_alumnos.R$attr: int layout_insetEdge
com.example.facite_alumnos.R$attr: int layout_keyline
com.example.facite_alumnos.R$attr: int sb_handlerColor
com.example.facite_alumnos.R$attr: int sb_horizontal
com.example.facite_alumnos.R$attr: int sb_indicatorColor
com.example.facite_alumnos.R$attr: int sb_indicatorTextColor
com.example.facite_alumnos.R$attr: int statusBarBackground
com.example.facite_alumnos.R$bool: int abc_action_bar_embed_tabs
com.example.facite_alumnos.R$color: int notification_action_color_filter
com.example.facite_alumnos.R$color: int notification_icon_bg_color
com.example.facite_alumnos.R$color: int notification_material_background_media_default_color
com.example.facite_alumnos.R$color: int primary_text_default_material_dark
com.example.facite_alumnos.R$color: int ripple_material_light
com.example.facite_alumnos.R$color: int secondary_text_default_material_dark
com.example.facite_alumnos.R$color: int secondary_text_default_material_light
com.example.facite_alumnos.R$dimen: int compat_button_inset_horizontal_material
com.example.facite_alumnos.R$dimen: int compat_button_inset_vertical_material
com.example.facite_alumnos.R$dimen: int compat_button_padding_horizontal_material
com.example.facite_alumnos.R$dimen: int compat_button_padding_vertical_material
com.example.facite_alumnos.R$dimen: int compat_control_corner_material
com.example.facite_alumnos.R$dimen: int notification_action_icon_size
com.example.facite_alumnos.R$dimen: int notification_action_text_size
com.example.facite_alumnos.R$dimen: int notification_big_circle_margin
com.example.facite_alumnos.R$dimen: int notification_content_margin_start
com.example.facite_alumnos.R$dimen: int notification_large_icon_height
com.example.facite_alumnos.R$dimen: int notification_large_icon_width
com.example.facite_alumnos.R$dimen: int notification_main_column_padding_top
com.example.facite_alumnos.R$dimen: int notification_media_narrow_margin
com.example.facite_alumnos.R$dimen: int notification_right_icon_size
com.example.facite_alumnos.R$dimen: int notification_right_side_padding_top
com.example.facite_alumnos.R$dimen: int notification_small_icon_background_padding
com.example.facite_alumnos.R$dimen: int notification_small_icon_size_as_large
com.example.facite_alumnos.R$dimen: int notification_subtext_size
com.example.facite_alumnos.R$dimen: int notification_top_pad
com.example.facite_alumnos.R$dimen: int notification_top_pad_large_text
...
android.support.v4.media.MediaBrowserCompat$MediaItem
android.support.v4.media.MediaBrowserCompat$MediaItem: android.os.Parcelable$Creator CREATOR
android.support.v4.media.MediaBrowserCompat$SearchResultReceiver
android.support.v4.media.MediaDescriptionCompat
android.support.v4.media.MediaDescriptionCompat: android.os.Parcelable$Creator CREATOR
android.support.v4.media.MediaMetadataCompat
android.support.v4.media.MediaMetadataCompat: android.os.Parcelable$Creator CREATOR
android.support.v4.media.RatingCompat
android.support.v4.media.RatingCompat: android.os.Parcelable$Creator CREATOR
android.support.v4.media.session.MediaControllerCompat$MediaControllerImplApi21$ExtraBinderRequestResultReceiver
android.support.v4.media.session.MediaSessionCompat$QueueItem
android.support.v4.media.session.MediaSessionCompat$QueueItem: android.os.Parcelable$Creator CREATOR
android.support.v4.media.session.MediaSessionCompat$ResultReceiverWrapper
android.support.v4.media.session.MediaSessionCompat$ResultReceiverWrapper: android.os.Parcelable$Creator CREATOR
android.support.v4.media.session.MediaSessionCompat$Token
android.support.v4.media.session.MediaSessionCompat$Token: android.os.Parcelable$Creator CREATOR
android.support.v4.media.session.ParcelableVolumeInfo
android.support.v4.media.session.ParcelableVolumeInfo: android.os.Parcelable$Creator CREATOR
android.support.v4.media.session.PlaybackStateCompat
android.support.v4.media.session.PlaybackStateCompat: android.os.Parcelable$Creator CREATOR
android.support.v4.media.session.PlaybackStateCompat$CustomAction
android.support.v4.media.session.PlaybackStateCompat$CustomAction: android.os.Parcelable$Creator CREATOR
android.support.v4.os.ResultReceiver: android.os.Parcelable$Creator CREATOR
android.support.v4.view.AbsSavedState: android.os.Parcelable$Creator CREATOR
android.support.v4.view.PagerTabStrip: void setTabIndicatorColor(int)
android.support.v4.view.PagerTabStrip: void setTabIndicatorColorResource(int)
android.support.v4.view.PagerTabStrip: int getTabIndicatorColor()
android.support.v4.view.PagerTabStrip: void setTextSpacing(int)
android.support.v4.view.PagerTabStrip: void setBackgroundDrawable(android.graphics.drawable.Drawable)
android.support.v4.view.PagerTabStrip: void setBackgroundColor(int)
android.support.v4.view.PagerTabStrip: void setBackgroundResource(int)
android.support.v4.view.PagerTabStrip: void setDrawFullUnderline(boolean)
android.support.v4.view.PagerTabStrip: boolean getDrawFullUnderline()
android.support.v4.view.PagerTabStrip: int getMinHeight()
android.support.v4.view.PagerTitleStrip: void setSingleLineAllCaps(android.widget.TextView)
android.support.v4.view.PagerTitleStrip: void setTextSpacing(int)
android.support.v4.view.PagerTitleStrip: int getTextSpacing()
android.support.v4.view.PagerTitleStrip: void setNonPrimaryAlpha(float)
android.support.v4.view.PagerTitleStrip: void setTextColor(int)
android.support.v4.view.PagerTitleStrip: void setGravity(int)
android.support.v4.view.PagerTitleStrip: int getMinHeight()