build/app/outputs/mapping/release/mapping.txt
com.example.facite_alumnos.MainActivity -> com.example.facite_alumnos.MainActivity:
    void <init>() -> <init>
    void onCreate(android.os.Bundle) -> onCreate
...
io.flutter.embedding.engine.systemchannels.PlatformViewsChannel$PlatformViewTouch -> io.flutter.embedding.engine.systemchannels.PlatformViewsChannel$PlatformViewTouch:
    int viewId -> viewId
    java.lang.Number downTime -> downTime
    java.lang.Number eventTime -> eventTime
    int action -> action
    int pointerCount -> pointerCount
    java.lang.Object rawPointerPropertiesList -> rawPointerPropertiesList
    java.lang.Object rawPointerCoords -> rawPointerCoords
    int metaState -> metaState
    int buttonState -> buttonState
    float xPrecision -> xPrecision
    float yPrecision -> yPrecision
    int deviceId -> deviceId
    int edgeFlags -> edgeFlags
    int source -> source
    int flags -> flags
    void <init>(int,java.lang.Number,java.lang.Number,int,int,java.lang.Object,java.lang.Object,int,int,float,float,int,int,int,int) -> <init>
io.flutter.embedding.engine.systemchannels.PlatformViewsChannel$PlatformViewsHandler -> io.flutter.embedding.engine.systemchannels.PlatformViewsChannel$PlatformViewsHandler:
    long createPlatformView(io.flutter.embedding.engine.systemchannels.PlatformViewsChannel$PlatformViewCreationRequest) -> createPlatformView
    void disposePlatformView(int) -> disposePlatformView
    void resizePlatformView(io.flutter.embedding.engine.systemchannels.PlatformViewsChannel$PlatformViewResizeRequest,java.lang.Runnable) -> resizePlatformView
    void onTouch(io.flutter.embedding.engine.systemchannels.PlatformViewsChannel$PlatformViewTouch) -> onTouch
    void setDirection(int,int) -> setDirection
    void clearFocus(int) -> clearFocus
io.flutter.embedding.engine.systemchannels.SettingsChannel -> io.flutter.embedding.engine.systemchannels.SettingsChannel:
    java.lang.String TAG -> TAG
    java.lang.String CHANNEL_NAME -> CHANNEL_NAME
    java.lang.String TEXT_SCALE_FACTOR -> TEXT_SCALE_FACTOR
    java.lang.String ALWAYS_USE_24_HOUR_FORMAT -> ALWAYS_USE_24_HOUR_FORMAT
    java.lang.String PLATFORM_BRIGHTNESS -> PLATFORM_BRIGHTNESS
    io.flutter.plugin.common.BasicMessageChannel channel -> channel
    void <init>(io.flutter.embedding.engine.dart.DartExecutor) -> <init>
    io.flutter.embedding.engine.systemchannels.SettingsChannel$MessageBuilder startMessage() -> startMessage
io.flutter.embedding.engine.systemchannels.SettingsChannel$MessageBuilder -> io.flutter.embedding.engine.systemchannels.SettingsChannel$MessageBuilder:
    io.flutter.plugin.common.BasicMessageChannel channel -> channel
    java.util.Map message -> message
    void <init>(io.flutter.plugin.common.BasicMessageChannel) -> <init>
    io.flutter.embedding.engine.systemchannels.SettingsChannel$MessageBuilder setTextScaleFactor(float) -> setTextScaleFactor
    io.flutter.embedding.engine.systemchannels.SettingsChannel$MessageBuilder setUse24HourFormat(boolean) -> setUse24HourFormat
    io.flutter.embedding.engine.systemchannels.SettingsChannel$MessageBuilder setPlatformBrightness(io.flutter.embedding.engine.systemchannels.SettingsChannel$PlatformBrightness) -> setPlatformBrightness
    void send() -> send
io.flutter.embedding.engine.systemchannels.SettingsChannel$PlatformBrightness -> io.flutter.embedding.engine.systemchannels.SettingsChannel$PlatformBrightness:
    io.flutter.embedding.engine.systemchannels.SettingsChannel$PlatformBrightness light -> light
    io.flutter.embedding.engine.systemchannels.SettingsChannel$PlatformBrightness dark -> dark
    java.lang.String name -> name
    io.flutter.embedding.engine.systemchannels.SettingsChannel$PlatformBrightness[] $VALUES -> $VALUES
    io.flutter.embedding.engine.systemchannels.SettingsChannel$PlatformBrightness[] values() -> values
    io.flutter.embedding.engine.systemchannels.SettingsChannel$PlatformBrightness valueOf(java.lang.String) -> valueOf
    void <init>(java.lang.String,int,java.lang.String) -> <init>
    void <clinit>() -> <clinit>