build/app/outputs/mapping/release/usage.txt
com.example.facite_alumnos.BuildConfig
com.example.facite_alumnos.R
com.example.facite_alumnos.R$attr
com.example.facite_alumnos.R$bool
com.example.facite_alumnos.R$color
com.example.facite_alumnos.R$dimen
com.example.facite_alumnos.R$drawable
com.example.facite_alumnos.R$id
com.example.facite_alumnos.R$integer
com.example.facite_alumnos.R$layout
com.example.facite_alumnos.R$mipmap
com.example.facite_alumnos.R$string
com.example.facite_alumnos.R$style
com.example.facite_alumnos.R$styleable
...
android.support.v4.widget.EdgeEffectCompat
android.support.v4.widget.EdgeEffectCompat$EdgeEffectApi21Impl
android.support.v4.widget.EdgeEffectCompat$EdgeEffectBaseImpl
android.support.v4.widget.ExploreByTouchHelper
android.support.v4.widget.ExploreByTouchHelper$1
android.support.v4.widget.ExploreByTouchHelper$2
android.support.v4.widget.ExploreByTouchHelper$MyNodeProvider
android.support.v4.widget.FocusStrategy
android.support.v4.widget.FocusStrategy$BoundsAdapter
android.support.v4.widget.FocusStrategy$CollectionAdapter
android.support.v4.widget.FocusStrategy$SequentialComparator
android.support.v4.widget.ImageViewCompat
android.support.v4.widget.ImageViewCompat$BaseViewCompatImpl
android.support.v4.widget.ImageViewCompat$ImageViewCompatImpl
android.support.v4.widget.ImageViewCompat$LollipopViewCompatImpl
android.support.v4.widget.ListPopupWindowCompat
android.support.v4.widget.ListViewAutoScrollHelper
android.support.v4.widget.ListViewCompat
android.support.v4.widget.NestedScrollView
android.support.v4.widget.NestedScrollView$AccessibilityDelegate
android.support.v4.widget.NestedScrollView$OnScrollChangeListener
android.support.v4.widget.NestedScrollView$SavedState
android.support.v4.widget.NestedScrollView$SavedState$1
android.support.v4.widget.PopupMenuCompat
android.support.v4.widget.PopupWindowCompat
android.support.v4.widget.PopupWindowCompat$PopupWindowCompatApi19Impl
android.support.v4.widget.PopupWindowCompat$PopupWindowCompatApi21Impl
android.support.v4.widget.PopupWindowCompat$PopupWindowCompatApi23Impl
android.support.v4.widget.PopupWindowCompat$PopupWindowCompatBaseImpl
android.support.v4.widget.ResourceCursorAdapter
android.support.v4.widget.ScrollerCompat
android.support.v4.widget.SimpleCursorAdapter
android.support.v4.widget.SimpleCursorAdapter$CursorToStringConverter
android.support.v4.widget.SimpleCursorAdapter$ViewBinder
android.support.v4.widget.SlidingPaneLayout
android.support.v4.widget.SlidingPaneLayout$AccessibilityDelegate
android.support.v4.widget.SlidingPaneLayout$DisableLayerRunnable
android.support.v4.widget.SlidingPaneLayout$DragHelperCallback
android.support.v4.widget.SlidingPaneLayout$LayoutParams
android.support.v4.widget.SlidingPaneLayout$PanelSlideListener
android.support.v4.widget.SlidingPaneLayout$SavedState
android.support.v4.widget.SlidingPaneLayout$SavedState$1
android.support.v4.widget.SlidingPaneLayout$SimplePanelSlideListener
android.support.v4.widget.SlidingPaneLayout$SlidingPanelLayoutImpl
android.support.v4.widget.SlidingPaneLayout$SlidingPanelLayoutImplBase
android.support.v4.widget.SlidingPaneLayout$SlidingPanelLayoutImplJB
android.support.v4.widget.SlidingPaneLayout$SlidingPanelLayoutImplJBMR1
android.support.v4.widget.Space
android.support.v4.widget.SwipeRefreshLayout
android.support.v4.widget.SwipeRefreshLayout$1
android.support.v4.widget.SwipeRefreshLayout$2
android.support.v4.widget.SwipeRefreshLayout$3
android.support.v4.widget.SwipeRefreshLayout$4
android.support.v4.widget.SwipeRefreshLayout$5
android.support.v4.widget.SwipeRefreshLayout$6
android.support.v4.widget.SwipeRefreshLayout$7
android.support.v4.widget.SwipeRefreshLayout$8
android.support.v4.widget.SwipeRefreshLayout$OnChildScrollUpCallback
android.support.v4.widget.SwipeRefreshLayout$OnRefreshListener
android.support.v4.widget.TextViewCompat
android.support.v4.widget.TextViewCompat$AutoSizeTextType
android.support.v4.widget.TextViewCompat$TextViewCompatApi16Impl
android.support.v4.widget.TextViewCompat$TextViewCompatApi17Impl
android.support.v4.widget.TextViewCompat$TextViewCompatApi18Impl
android.support.v4.widget.TextViewCompat$TextViewCompatApi23Impl
android.support.v4.widget.TextViewCompat$TextViewCompatApi26Impl
android.support.v4.widget.TextViewCompat$TextViewCompatApi26Impl$1
android.support.v4.widget.TextViewCompat$TextViewCompatApi27Impl
android.support.v4.widget.TextViewCompat$TextViewCompatBaseImpl
android.support.v4.widget.TintableCompoundButton
android.support.v4.widget.TintableImageSourceView